;  LST file generated by mikroListExporter - v.2.0 
; Date/Time: 4/9/2024 4:58:27 PM
;----------------------------------------------

;Address Opcode 	ASM
0x0000	0x2B3F      	GOTO       831
_interrupt:
0x0004	0x00FF      	MOVWF      R15
0x0005	0x0E03      	SWAPF      STATUS, 0
0x0006	0x0183      	CLRF       STATUS
0x0007	0x00EF      	MOVWF      ___saveSTATUS
0x0008	0x080A      	MOVF       PCLATH, 0
0x0009	0x1683      	BSF        STATUS, 5
0x000A	0x00B9      	MOVWF      ___savePCLATH
0x000B	0x018A      	CLRF       PCLATH
;master.c,61 :: 		void interrupt() {
;master.c,62 :: 		if(PIR1.SSPIF) {
0x000C	0x1283      	BCF        STATUS, 5
0x000D	0x1D8C      	BTFSS      PIR1, 3
0x000E	0x2810      	GOTO       L_interrupt0
;master.c,68 :: 		PIR1.SSPIF = 0;
0x000F	0x118C      	BCF        PIR1, 3
;master.c,69 :: 		}
L_interrupt0:
;master.c,70 :: 		}
L_end_interrupt:
L__interrupt17:
0x0010	0x1683      	BSF        STATUS, 5
0x0011	0x0839      	MOVF       ___savePCLATH, 0
0x0012	0x008A      	MOVWF      PCLATH
0x0013	0x1283      	BCF        STATUS, 5
0x0014	0x0E6F      	SWAPF      ___saveSTATUS, 0
0x0015	0x0083      	MOVWF      STATUS
0x0016	0x0EFF      	SWAPF      R15, 1
0x0017	0x0E7F      	SWAPF      R15, 0
0x0018	0x0009      	RETFIE
; end of _interrupt
_Delay_1us:
;__Lib_Delays.c,7 :: 		void Delay_1us() {
;__Lib_Delays.c,8 :: 		Delay_us(1);
0x0019	0x0000      	NOP
0x001A	0x0000      	NOP
;__Lib_Delays.c,9 :: 		}
L_end_Delay_1us:
0x001B	0x0008      	RETURN
; end of _Delay_1us
_Delay_50us:
;__Lib_Delays.c,19 :: 		void Delay_50us() {
;__Lib_Delays.c,20 :: 		Delay_us(50);
0x001C	0x3021      	MOVLW      33
0x001D	0x1283      	BCF        STATUS, 5
0x001E	0x1303      	BCF        STATUS, 6
0x001F	0x00FD      	MOVWF      R13
L_Delay_50us2:
0x0020	0x0BFD      	DECFSZ     R13, 1
0x0021	0x2820      	GOTO       L_Delay_50us2
;__Lib_Delays.c,21 :: 		}
L_end_Delay_50us:
0x0022	0x0008      	RETURN
; end of _Delay_50us
_Delay_5500us:
;__Lib_Delays.c,31 :: 		void Delay_5500us() {
;__Lib_Delays.c,32 :: 		Delay_us(5500);
0x0023	0x300F      	MOVLW      15
0x0024	0x1283      	BCF        STATUS, 5
0x0025	0x1303      	BCF        STATUS, 6
0x0026	0x00FC      	MOVWF      R12
0x0027	0x3047      	MOVLW      71
0x0028	0x00FD      	MOVWF      R13
L_Delay_5500us5:
0x0029	0x0BFD      	DECFSZ     R13, 1
0x002A	0x2829      	GOTO       L_Delay_5500us5
0x002B	0x0BFC      	DECFSZ     R12, 1
0x002C	0x2829      	GOTO       L_Delay_5500us5
0x002D	0x0000      	NOP
0x002E	0x0000      	NOP
;__Lib_Delays.c,33 :: 		}
L_end_Delay_5500us:
0x002F	0x0008      	RETURN
; end of _Delay_5500us
_Lcd_Cmd:
;__Lib_Lcd.c,18 :: 		
;__Lib_Lcd.c,20 :: 		
0x0030	0x1683      	BSF        STATUS, 5
0x0031	0x1303      	BCF        STATUS, 6
0x0032	0x1BC3      	BTFSC      FARG_Lcd_Cmd_out_char, 7
0x0033	0x2837      	GOTO       L__Lcd_Cmd21
0x0034	0x1283      	BCF        STATUS, 5
0x0035	0x1188      	BCF        LCD_D7, BitPos(LCD_D7+0)
0x0036	0x2839      	GOTO       L__Lcd_Cmd22
L__Lcd_Cmd21:
0x0037	0x1283      	BCF        STATUS, 5
0x0038	0x1588      	BSF        LCD_D7, BitPos(LCD_D7+0)
L__Lcd_Cmd22:
;__Lib_Lcd.c,21 :: 		
0x0039	0x1683      	BSF        STATUS, 5
0x003A	0x1B43      	BTFSC      FARG_Lcd_Cmd_out_char, 6
0x003B	0x283F      	GOTO       L__Lcd_Cmd23
0x003C	0x1283      	BCF        STATUS, 5
0x003D	0x1108      	BCF        LCD_D6, BitPos(LCD_D6+0)
0x003E	0x2841      	GOTO       L__Lcd_Cmd24
L__Lcd_Cmd23:
0x003F	0x1283      	BCF        STATUS, 5
0x0040	0x1508      	BSF        LCD_D6, BitPos(LCD_D6+0)
L__Lcd_Cmd24:
;__Lib_Lcd.c,22 :: 		
0x0041	0x1683      	BSF        STATUS, 5
0x0042	0x1AC3      	BTFSC      FARG_Lcd_Cmd_out_char, 5
0x0043	0x2847      	GOTO       L__Lcd_Cmd25
0x0044	0x1283      	BCF        STATUS, 5
0x0045	0x1088      	BCF        LCD_D5, BitPos(LCD_D5+0)
0x0046	0x2849      	GOTO       L__Lcd_Cmd26
L__Lcd_Cmd25:
0x0047	0x1283      	BCF        STATUS, 5
0x0048	0x1488      	BSF        LCD_D5, BitPos(LCD_D5+0)
L__Lcd_Cmd26:
;__Lib_Lcd.c,23 :: 		
0x0049	0x1683      	BSF        STATUS, 5
0x004A	0x1A43      	BTFSC      FARG_Lcd_Cmd_out_char, 4
0x004B	0x284F      	GOTO       L__Lcd_Cmd27
0x004C	0x1283      	BCF        STATUS, 5
0x004D	0x1008      	BCF        LCD_D4, BitPos(LCD_D4+0)
0x004E	0x2851      	GOTO       L__Lcd_Cmd28
L__Lcd_Cmd27:
0x004F	0x1283      	BCF        STATUS, 5
0x0050	0x1408      	BSF        LCD_D4, BitPos(LCD_D4+0)
L__Lcd_Cmd28:
;__Lib_Lcd.c,25 :: 		
0x0051	0x1683      	BSF        STATUS, 5
0x0052	0x1838      	BTFSC      __Lib_Lcd_cmd_status, BitPos(__Lib_Lcd_cmd_status+0)
0x0053	0x2857      	GOTO       L__Lcd_Cmd29
0x0054	0x1283      	BCF        STATUS, 5
0x0055	0x1608      	BSF        LCD_RS, BitPos(LCD_RS+0)
0x0056	0x2859      	GOTO       L__Lcd_Cmd30
L__Lcd_Cmd29:
0x0057	0x1283      	BCF        STATUS, 5
0x0058	0x1208      	BCF        LCD_RS, BitPos(LCD_RS+0)
L__Lcd_Cmd30:
;__Lib_Lcd.c,28 :: 		
0x0059	0x1688      	BSF        LCD_EN, BitPos(LCD_EN+0)
;__Lib_Lcd.c,29 :: 		
0x005A	0x2019      	CALL       _Delay_1us
;__Lib_Lcd.c,30 :: 		
0x005B	0x1288      	BCF        LCD_EN, BitPos(LCD_EN+0)
;__Lib_Lcd.c,33 :: 		
0x005C	0x1683      	BSF        STATUS, 5
0x005D	0x19C3      	BTFSC      FARG_Lcd_Cmd_out_char, 3
0x005E	0x2862      	GOTO       L__Lcd_Cmd31
0x005F	0x1283      	BCF        STATUS, 5
0x0060	0x1188      	BCF        LCD_D7, BitPos(LCD_D7+0)
0x0061	0x2864      	GOTO       L__Lcd_Cmd32
L__Lcd_Cmd31:
0x0062	0x1283      	BCF        STATUS, 5
0x0063	0x1588      	BSF        LCD_D7, BitPos(LCD_D7+0)
L__Lcd_Cmd32:
;__Lib_Lcd.c,34 :: 		
0x0064	0x1683      	BSF        STATUS, 5
0x0065	0x1943      	BTFSC      FARG_Lcd_Cmd_out_char, 2
0x0066	0x286A      	GOTO       L__Lcd_Cmd33
0x0067	0x1283      	BCF        STATUS, 5
0x0068	0x1108      	BCF        LCD_D6, BitPos(LCD_D6+0)
0x0069	0x286C      	GOTO       L__Lcd_Cmd34
L__Lcd_Cmd33:
0x006A	0x1283      	BCF        STATUS, 5
0x006B	0x1508      	BSF        LCD_D6, BitPos(LCD_D6+0)
L__Lcd_Cmd34:
;__Lib_Lcd.c,35 :: 		
0x006C	0x1683      	BSF        STATUS, 5
0x006D	0x18C3      	BTFSC      FARG_Lcd_Cmd_out_char, 1
0x006E	0x2872      	GOTO       L__Lcd_Cmd35
0x006F	0x1283      	BCF        STATUS, 5
0x0070	0x1088      	BCF        LCD_D5, BitPos(LCD_D5+0)
0x0071	0x2874      	GOTO       L__Lcd_Cmd36
L__Lcd_Cmd35:
0x0072	0x1283      	BCF        STATUS, 5
0x0073	0x1488      	BSF        LCD_D5, BitPos(LCD_D5+0)
L__Lcd_Cmd36:
;__Lib_Lcd.c,36 :: 		
0x0074	0x1683      	BSF        STATUS, 5
0x0075	0x1843      	BTFSC      FARG_Lcd_Cmd_out_char, 0
0x0076	0x287A      	GOTO       L__Lcd_Cmd37
0x0077	0x1283      	BCF        STATUS, 5
0x0078	0x1008      	BCF        LCD_D4, BitPos(LCD_D4+0)
0x0079	0x287C      	GOTO       L__Lcd_Cmd38
L__Lcd_Cmd37:
0x007A	0x1283      	BCF        STATUS, 5
0x007B	0x1408      	BSF        LCD_D4, BitPos(LCD_D4+0)
L__Lcd_Cmd38:
;__Lib_Lcd.c,38 :: 		
0x007C	0x1683      	BSF        STATUS, 5
0x007D	0x1838      	BTFSC      __Lib_Lcd_cmd_status, BitPos(__Lib_Lcd_cmd_status+0)
0x007E	0x2882      	GOTO       L__Lcd_Cmd39
0x007F	0x1283      	BCF        STATUS, 5
0x0080	0x1608      	BSF        LCD_RS, BitPos(LCD_RS+0)
0x0081	0x2884      	GOTO       L__Lcd_Cmd40
L__Lcd_Cmd39:
0x0082	0x1283      	BCF        STATUS, 5
0x0083	0x1208      	BCF        LCD_RS, BitPos(LCD_RS+0)
L__Lcd_Cmd40:
;__Lib_Lcd.c,40 :: 		
0x0084	0x1688      	BSF        LCD_EN, BitPos(LCD_EN+0)
;__Lib_Lcd.c,41 :: 		
0x0085	0x2019      	CALL       _Delay_1us
;__Lib_Lcd.c,42 :: 		
0x0086	0x1288      	BCF        LCD_EN, BitPos(LCD_EN+0)
;__Lib_Lcd.c,44 :: 		
0x0087	0x1683      	BSF        STATUS, 5
0x0088	0x1C38      	BTFSS      __Lib_Lcd_cmd_status, BitPos(__Lib_Lcd_cmd_status+0)
0x0089	0x288C      	GOTO       L_Lcd_Cmd0
;__Lib_Lcd.c,45 :: 		
0x008A	0x2023      	CALL       _Delay_5500us
0x008B	0x288D      	GOTO       L_Lcd_Cmd1
L_Lcd_Cmd0:
;__Lib_Lcd.c,47 :: 		
0x008C	0x201C      	CALL       _Delay_50us
L_Lcd_Cmd1:
;__Lib_Lcd.c,48 :: 		
L_end_Lcd_Cmd:
0x008D	0x0008      	RETURN
; end of _Lcd_Cmd
_i2c_idle:
;i2c_master.c,15 :: 		void i2c_idle() {
;i2c_master.c,20 :: 		while(SSPSTAT.R_W || (SSPCON2 & 0x1F));
L_i2c_idle0:
0x008E	0x1683      	BSF        STATUS, 5
0x008F	0x1303      	BCF        STATUS, 6
0x0090	0x1914      	BTFSC      SSPSTAT, 2
0x0091	0x2898      	GOTO       L__i2c_idle12
0x0092	0x301F      	MOVLW      31
0x0093	0x0511      	ANDWF      SSPCON2, 0
0x0094	0x00F0      	MOVWF      R0
0x0095	0x1D03      	BTFSS      STATUS, 2
0x0096	0x2898      	GOTO       L__i2c_idle12
0x0097	0x2899      	GOTO       L_i2c_idle1
L__i2c_idle12:
0x0098	0x288E      	GOTO       L_i2c_idle0
L_i2c_idle1:
;i2c_master.c,21 :: 		}
L_end_i2c_idle:
0x0099	0x0008      	RETURN
; end of _i2c_idle
_i2c_master_start:
;i2c_master.c,24 :: 		void i2c_master_start() {
;i2c_master.c,25 :: 		i2c_idle();
0x009A	0x208E      	CALL       _i2c_idle
;i2c_master.c,26 :: 		PIR1.SSPIF = 0;
0x009B	0x1283      	BCF        STATUS, 5
0x009C	0x118C      	BCF        PIR1, 3
;i2c_master.c,27 :: 		SSPCON2.SEN = 1;  // Initiate Start condition
0x009D	0x1683      	BSF        STATUS, 5
0x009E	0x1411      	BSF        SSPCON2, 0
;i2c_master.c,28 :: 		while(!PIR1.SSPIF);
L_i2c_master_start4:
0x009F	0x1283      	BCF        STATUS, 5
0x00A0	0x198C      	BTFSC      PIR1, 3
0x00A1	0x28A3      	GOTO       L_i2c_master_start5
0x00A2	0x289F      	GOTO       L_i2c_master_start4
L_i2c_master_start5:
;i2c_master.c,29 :: 		PIR1.SSPIF = 0;
0x00A3	0x118C      	BCF        PIR1, 3
;i2c_master.c,30 :: 		}
L_end_i2c_master_start:
0x00A4	0x0008      	RETURN
; end of _i2c_master_start
_i2c_master_stop:
;i2c_master.c,33 :: 		void i2c_master_stop() {
;i2c_master.c,34 :: 		i2c_idle();
0x00A5	0x208E      	CALL       _i2c_idle
;i2c_master.c,35 :: 		PIR1.SSPIF = 0;
0x00A6	0x1283      	BCF        STATUS, 5
0x00A7	0x118C      	BCF        PIR1, 3
;i2c_master.c,36 :: 		SSPCON2.PEN = 1;  // Initiate Stop condition
0x00A8	0x1683      	BSF        STATUS, 5
0x00A9	0x1511      	BSF        SSPCON2, 2
;i2c_master.c,37 :: 		while(!PIR1.SSPIF);
L_i2c_master_stop6:
0x00AA	0x1283      	BCF        STATUS, 5
0x00AB	0x198C      	BTFSC      PIR1, 3
0x00AC	0x28AE      	GOTO       L_i2c_master_stop7
0x00AD	0x28AA      	GOTO       L_i2c_master_stop6
L_i2c_master_stop7:
;i2c_master.c,38 :: 		PIR1.SSPIF = 0;
0x00AE	0x118C      	BCF        PIR1, 3
;i2c_master.c,39 :: 		}
L_end_i2c_master_stop:
0x00AF	0x0008      	RETURN
; end of _i2c_master_stop
_i2c_master_restart:
;i2c_master.c,42 :: 		void i2c_master_restart() {
;i2c_master.c,43 :: 		i2c_idle();
0x00B0	0x208E      	CALL       _i2c_idle
;i2c_master.c,44 :: 		PIR1.SSPIF = 0;
0x00B1	0x1283      	BCF        STATUS, 5
0x00B2	0x118C      	BCF        PIR1, 3
;i2c_master.c,45 :: 		SSPCON2.RSEN = 1;
0x00B3	0x1683      	BSF        STATUS, 5
0x00B4	0x1491      	BSF        SSPCON2, 1
;i2c_master.c,46 :: 		while(!PIR1.SSPIF);
L_i2c_master_restart8:
0x00B5	0x1283      	BCF        STATUS, 5
0x00B6	0x198C      	BTFSC      PIR1, 3
0x00B7	0x28B9      	GOTO       L_i2c_master_restart9
0x00B8	0x28B5      	GOTO       L_i2c_master_restart8
L_i2c_master_restart9:
;i2c_master.c,47 :: 		PIR1.SSPIF = 0;
0x00B9	0x118C      	BCF        PIR1, 3
;i2c_master.c,48 :: 		}
L_end_i2c_master_restart:
0x00BA	0x0008      	RETURN
; end of _i2c_master_restart
_Lcd_Chr_CP:
;__Lib_Lcd.c,50 :: 		
;__Lib_Lcd.c,52 :: 		
0x00BB	0x1683      	BSF        STATUS, 5
0x00BC	0x1303      	BCF        STATUS, 6
0x00BD	0x1038      	BCF        __Lib_Lcd_cmd_status, BitPos(__Lib_Lcd_cmd_status+0)
;__Lib_Lcd.c,53 :: 		
0x00BE	0x0842      	MOVF       FARG_Lcd_Chr_CP_out_char, 0
0x00BF	0x00C3      	MOVWF      FARG_Lcd_Cmd_out_char
0x00C0	0x2030      	CALL       _Lcd_Cmd
;__Lib_Lcd.c,54 :: 		
0x00C1	0x1683      	BSF        STATUS, 5
0x00C2	0x1438      	BSF        __Lib_Lcd_cmd_status, BitPos(__Lib_Lcd_cmd_status+0)
;__Lib_Lcd.c,55 :: 		
L_end_Lcd_Chr_CP:
0x00C3	0x0008      	RETURN
; end of _Lcd_Chr_CP
_Lcd_Out_CP:
;__Lib_Lcd.c,57 :: 		
;__Lib_Lcd.c,58 :: 		
0x00C4	0x1683      	BSF        STATUS, 5
0x00C5	0x1303      	BCF        STATUS, 6
0x00C6	0x01BF      	CLRF       Lcd_Out_CP_i_L0
;__Lib_Lcd.c,60 :: 		
L_Lcd_Out_CP2:
0x00C7	0x083F      	MOVF       Lcd_Out_CP_i_L0, 0
0x00C8	0x073E      	ADDWF      FARG_Lcd_Out_CP_text, 0
0x00C9	0x0084      	MOVWF      FSR
0x00CA	0x0800      	MOVF       INDF, 0
0x00CB	0x1903      	BTFSC      STATUS, 2
0x00CC	0x28D5      	GOTO       L_Lcd_Out_CP3
;__Lib_Lcd.c,61 :: 		
0x00CD	0x083F      	MOVF       Lcd_Out_CP_i_L0, 0
0x00CE	0x073E      	ADDWF      FARG_Lcd_Out_CP_text, 0
0x00CF	0x0084      	MOVWF      FSR
0x00D0	0x0800      	MOVF       INDF, 0
0x00D1	0x00C2      	MOVWF      FARG_Lcd_Chr_CP_out_char
0x00D2	0x20BB      	CALL       _Lcd_Chr_CP
0x00D3	0x0ABF      	INCF       Lcd_Out_CP_i_L0, 1
;__Lib_Lcd.c,62 :: 		
0x00D4	0x28C7      	GOTO       L_Lcd_Out_CP2
L_Lcd_Out_CP3:
;__Lib_Lcd.c,63 :: 		
L_end_Lcd_Out_CP:
0x00D5	0x0008      	RETURN
; end of _Lcd_Out_CP
_Div_8X8_U:
;__Lib_Math.c,189 :: 		
;__Lib_Math.c,196 :: 		
0x00D6	0x1283      	BCF        STATUS, 5
;__Lib_Math.c,197 :: 		
0x00D7	0x1303      	BCF        STATUS, 6
;__Lib_Math.c,198 :: 		
0x00D8	0x01F8      	CLRF       R8
;__Lib_Math.c,199 :: 		
0x00D9	0x3008      	MOVLW      8
;__Lib_Math.c,200 :: 		
0x00DA	0x00FC      	MOVWF      R12
;__Lib_Math.c,201 :: 		
0x00DB	0x0D70      	RLF        R0, 0
;__Lib_Math.c,202 :: 		
0x00DC	0x0DF8      	RLF        R8, 1
;__Lib_Math.c,203 :: 		
0x00DD	0x0874      	MOVF       R4, 0
;__Lib_Math.c,204 :: 		
0x00DE	0x02F8      	SUBWF      R8, 1
;__Lib_Math.c,205 :: 		
0x00DF	0x1803      	BTFSC      STATUS, 0
;__Lib_Math.c,206 :: 		
0x00E0	0x28E3      	GOTO       $+3
;__Lib_Math.c,207 :: 		
0x00E1	0x07F8      	ADDWF      R8, 1
;__Lib_Math.c,208 :: 		
0x00E2	0x1003      	BCF        STATUS, 0
;__Lib_Math.c,209 :: 		
0x00E3	0x0DF0      	RLF        R0, 1
;__Lib_Math.c,210 :: 		
0x00E4	0x0BFC      	DECFSZ     R12, 1
;__Lib_Math.c,211 :: 		
0x00E5	0x28DB      	GOTO       $-10
;__Lib_Math.c,213 :: 		
L_end_Div_8X8_U:
0x00E6	0x0008      	RETURN
; end of _Div_8X8_U
_Mul_8X8_U:
;__Lib_Math.c,103 :: 		
;__Lib_Math.c,108 :: 		
0x00E7	0x1283      	BCF        STATUS, 5
;__Lib_Math.c,109 :: 		
0x00E8	0x1303      	BCF        STATUS, 6
;__Lib_Math.c,110 :: 		
0x00E9	0x0870      	MOVF       R0, 0
;__Lib_Math.c,111 :: 		
0x00EA	0x00F1      	MOVWF      R1
;__Lib_Math.c,112 :: 		
0x00EB	0x01F0      	CLRF       R0
;__Lib_Math.c,113 :: 		
0x00EC	0x3008      	MOVLW      8
;__Lib_Math.c,114 :: 		
0x00ED	0x00FC      	MOVWF      R12
;__Lib_Math.c,115 :: 		
0x00EE	0x0871      	MOVF       R1, 0
;__Lib_Math.c,116 :: 		
0x00EF	0x0CF4      	RRF        R4, 1
;__Lib_Math.c,117 :: 		
0x00F0	0x1803      	BTFSC      STATUS, 0
;__Lib_Math.c,118 :: 		
0x00F1	0x28F6      	GOTO       $+5
;__Lib_Math.c,119 :: 		
0x00F2	0x0BFC      	DECFSZ     R12, 1
;__Lib_Math.c,120 :: 		
0x00F3	0x28EF      	GOTO       $-4
;__Lib_Math.c,121 :: 		
0x00F4	0x01F1      	CLRF       R1
;__Lib_Math.c,122 :: 		
0x00F5	0x3400      	RETLW      0
;__Lib_Math.c,123 :: 		
0x00F6	0x1003      	BCF        STATUS, 0
;__Lib_Math.c,124 :: 		
0x00F7	0x28FB      	GOTO       $+4
;__Lib_Math.c,125 :: 		
0x00F8	0x0CF4      	RRF        R4, 1
;__Lib_Math.c,126 :: 		
0x00F9	0x1803      	BTFSC      STATUS, 0
;__Lib_Math.c,127 :: 		
0x00FA	0x07F1      	ADDWF      R1, 1
;__Lib_Math.c,128 :: 		
0x00FB	0x0CF1      	RRF        R1, 1
;__Lib_Math.c,129 :: 		
0x00FC	0x0CF0      	RRF        R0, 1
;__Lib_Math.c,130 :: 		
0x00FD	0x0BFC      	DECFSZ     R12, 1
;__Lib_Math.c,131 :: 		
0x00FE	0x28F8      	GOTO       $-6
;__Lib_Math.c,133 :: 		
;__Lib_Math.c,134 :: 		
L_end_Mul_8X8_U:
0x00FF	0x0008      	RETURN
; end of _Mul_8X8_U
_i2c_master_write:
;i2c_master.c,50 :: 		void i2c_master_write(unsigned char slave_address, unsigned char data_index, unsigned char write_data) {
;i2c_master.c,51 :: 		i2c_master_start();
0x0100	0x209A      	CALL       _i2c_master_start
;i2c_master.c,52 :: 		SSPBUF = (slave_address << 1); // SET SSPSTAT.R_W AS 0;
0x0101	0x1683      	BSF        STATUS, 5
0x0102	0x083E      	MOVF       FARG_i2c_master_write_slave_address, 0
0x0103	0x00F0      	MOVWF      R0
0x0104	0x0DF0      	RLF        R0, 1
0x0105	0x1070      	BCF        R0, 0
0x0106	0x0870      	MOVF       R0, 0
0x0107	0x1283      	BCF        STATUS, 5
0x0108	0x0093      	MOVWF      SSPBUF
;i2c_master.c,53 :: 		i2c_idle();
0x0109	0x208E      	CALL       _i2c_idle
;i2c_master.c,54 :: 		SSPBUF = data_index;
0x010A	0x083F      	MOVF       FARG_i2c_master_write_data_index, 0
0x010B	0x1283      	BCF        STATUS, 5
0x010C	0x0093      	MOVWF      SSPBUF
;i2c_master.c,55 :: 		i2c_idle();
0x010D	0x208E      	CALL       _i2c_idle
;i2c_master.c,56 :: 		SSPBUF = write_data;
0x010E	0x0840      	MOVF       FARG_i2c_master_write_write_data, 0
0x010F	0x1283      	BCF        STATUS, 5
0x0110	0x0093      	MOVWF      SSPBUF
;i2c_master.c,57 :: 		i2c_master_stop();
0x0111	0x20A5      	CALL       _i2c_master_stop
;i2c_master.c,58 :: 		i2c_idle();
0x0112	0x208E      	CALL       _i2c_idle
;i2c_master.c,59 :: 		}
L_end_i2c_master_write:
0x0113	0x0008      	RETURN
; end of _i2c_master_write
_Lcd_Out:
;__Lib_Lcd.c,184 :: 		
;__Lib_Lcd.c,187 :: 		
0x0114	0x2926      	GOTO       L_Lcd_Out11
;__Lib_Lcd.c,188 :: 		
L_Lcd_Out13:
0x0115	0x3080      	MOVLW      128
0x0116	0x1683      	BSF        STATUS, 5
0x0117	0x1303      	BCF        STATUS, 6
0x0118	0x00BE      	MOVWF      FARG_Lcd_Out_row
0x0119	0x2939      	GOTO       L_Lcd_Out12
;__Lib_Lcd.c,189 :: 		
L_Lcd_Out14:
0x011A	0x30C0      	MOVLW      192
0x011B	0x00BE      	MOVWF      FARG_Lcd_Out_row
0x011C	0x2939      	GOTO       L_Lcd_Out12
;__Lib_Lcd.c,190 :: 		
L_Lcd_Out15:
0x011D	0x3094      	MOVLW      148
0x011E	0x00BE      	MOVWF      FARG_Lcd_Out_row
0x011F	0x2939      	GOTO       L_Lcd_Out12
;__Lib_Lcd.c,191 :: 		
L_Lcd_Out16:
0x0120	0x30D4      	MOVLW      212
0x0121	0x00BE      	MOVWF      FARG_Lcd_Out_row
0x0122	0x2939      	GOTO       L_Lcd_Out12
;__Lib_Lcd.c,192 :: 		
L_Lcd_Out17:
0x0123	0x3080      	MOVLW      128
0x0124	0x00BE      	MOVWF      FARG_Lcd_Out_row
;__Lib_Lcd.c,193 :: 		
0x0125	0x2939      	GOTO       L_Lcd_Out12
L_Lcd_Out11:
0x0126	0x1683      	BSF        STATUS, 5
0x0127	0x1303      	BCF        STATUS, 6
0x0128	0x083E      	MOVF       FARG_Lcd_Out_row, 0
0x0129	0x3A01      	XORLW      1
0x012A	0x1903      	BTFSC      STATUS, 2
0x012B	0x2915      	GOTO       L_Lcd_Out13
0x012C	0x083E      	MOVF       FARG_Lcd_Out_row, 0
0x012D	0x3A02      	XORLW      2
0x012E	0x1903      	BTFSC      STATUS, 2
0x012F	0x291A      	GOTO       L_Lcd_Out14
0x0130	0x083E      	MOVF       FARG_Lcd_Out_row, 0
0x0131	0x3A03      	XORLW      3
0x0132	0x1903      	BTFSC      STATUS, 2
0x0133	0x291D      	GOTO       L_Lcd_Out15
0x0134	0x083E      	MOVF       FARG_Lcd_Out_row, 0
0x0135	0x3A04      	XORLW      4
0x0136	0x1903      	BTFSC      STATUS, 2
0x0137	0x2920      	GOTO       L_Lcd_Out16
0x0138	0x2923      	GOTO       L_Lcd_Out17
L_Lcd_Out12:
;__Lib_Lcd.c,194 :: 		
0x0139	0x033F      	DECF       FARG_Lcd_Out_column, 0
0x013A	0x00F0      	MOVWF      R0
0x013B	0x083E      	MOVF       FARG_Lcd_Out_row, 0
0x013C	0x07F0      	ADDWF      R0, 1
0x013D	0x0870      	MOVF       R0, 0
0x013E	0x00BE      	MOVWF      FARG_Lcd_Out_row
;__Lib_Lcd.c,196 :: 		
0x013F	0x0870      	MOVF       R0, 0
0x0140	0x00C3      	MOVWF      FARG_Lcd_Cmd_out_char
0x0141	0x2030      	CALL       _Lcd_Cmd
;__Lib_Lcd.c,197 :: 		
0x0142	0x1683      	BSF        STATUS, 5
0x0143	0x1038      	BCF        __Lib_Lcd_cmd_status, BitPos(__Lib_Lcd_cmd_status+0)
;__Lib_Lcd.c,198 :: 		
0x0144	0x01C1      	CLRF       Lcd_Out_i_L0
;__Lib_Lcd.c,199 :: 		
L_Lcd_Out18:
0x0145	0x0841      	MOVF       Lcd_Out_i_L0, 0
0x0146	0x0740      	ADDWF      FARG_Lcd_Out_text, 0
0x0147	0x0084      	MOVWF      FSR
0x0148	0x0800      	MOVF       INDF, 0
0x0149	0x1903      	BTFSC      STATUS, 2
0x014A	0x2953      	GOTO       L_Lcd_Out19
;__Lib_Lcd.c,200 :: 		
0x014B	0x0841      	MOVF       Lcd_Out_i_L0, 0
0x014C	0x0740      	ADDWF      FARG_Lcd_Out_text, 0
0x014D	0x0084      	MOVWF      FSR
0x014E	0x0800      	MOVF       INDF, 0
0x014F	0x00C2      	MOVWF      FARG_Lcd_Chr_CP_out_char
0x0150	0x20BB      	CALL       _Lcd_Chr_CP
0x0151	0x0AC1      	INCF       Lcd_Out_i_L0, 1
0x0152	0x2945      	GOTO       L_Lcd_Out18
L_Lcd_Out19:
;__Lib_Lcd.c,201 :: 		
0x0153	0x1438      	BSF        __Lib_Lcd_cmd_status, BitPos(__Lib_Lcd_cmd_status+0)
;__Lib_Lcd.c,202 :: 		
L_end_Lcd_Out:
0x0154	0x0008      	RETURN
; end of _Lcd_Out
_i2c_master_read:
;i2c_master.c,61 :: 		unsigned char i2c_master_read(unsigned char slave_address, unsigned char data_index) {
;i2c_master.c,62 :: 		unsigned char read_data = 0;
0x0155	0x1683      	BSF        STATUS, 5
0x0156	0x1303      	BCF        STATUS, 6
0x0157	0x01C0      	CLRF       i2c_master_read_read_data_L0
;i2c_master.c,63 :: 		i2c_master_start();
0x0158	0x209A      	CALL       _i2c_master_start
;i2c_master.c,64 :: 		SSPBUF = slave_address << 1;
0x0159	0x1683      	BSF        STATUS, 5
0x015A	0x083E      	MOVF       FARG_i2c_master_read_slave_address, 0
0x015B	0x00F0      	MOVWF      R0
0x015C	0x0DF0      	RLF        R0, 1
0x015D	0x1070      	BCF        R0, 0
0x015E	0x0870      	MOVF       R0, 0
0x015F	0x1283      	BCF        STATUS, 5
0x0160	0x0093      	MOVWF      SSPBUF
;i2c_master.c,65 :: 		i2c_idle();
0x0161	0x208E      	CALL       _i2c_idle
;i2c_master.c,66 :: 		SSPBUF = data_index;
0x0162	0x083F      	MOVF       FARG_i2c_master_read_data_index, 0
0x0163	0x1283      	BCF        STATUS, 5
0x0164	0x0093      	MOVWF      SSPBUF
;i2c_master.c,67 :: 		i2c_master_restart();
0x0165	0x20B0      	CALL       _i2c_master_restart
;i2c_master.c,68 :: 		SSPBUF = (slave_address << 1) | 0x01;
0x0166	0x1683      	BSF        STATUS, 5
0x0167	0x083E      	MOVF       FARG_i2c_master_read_slave_address, 0
0x0168	0x00F0      	MOVWF      R0
0x0169	0x0DF0      	RLF        R0, 1
0x016A	0x1070      	BCF        R0, 0
0x016B	0x3001      	MOVLW      1
0x016C	0x0470      	IORWF      R0, 0
0x016D	0x1283      	BCF        STATUS, 5
0x016E	0x0093      	MOVWF      SSPBUF
;i2c_master.c,69 :: 		i2c_idle();
0x016F	0x208E      	CALL       _i2c_idle
;i2c_master.c,70 :: 		SSPCON2.RCEN = 1; // enable receive mode
0x0170	0x1591      	BSF        SSPCON2, 3
;i2c_master.c,71 :: 		i2c_idle();
0x0171	0x208E      	CALL       _i2c_idle
;i2c_master.c,72 :: 		read_data = SSPBUF;
0x0172	0x1283      	BCF        STATUS, 5
0x0173	0x0813      	MOVF       SSPBUF, 0
0x0174	0x1683      	BSF        STATUS, 5
0x0175	0x00C0      	MOVWF      i2c_master_read_read_data_L0
;i2c_master.c,73 :: 		SSPCON2.ACKDT = 1; // not ack
0x0176	0x1691      	BSF        SSPCON2, 5
;i2c_master.c,74 :: 		SSPCON2.ACKEN = 1; // init ack sequence, transmit ackdt data bit
0x0177	0x1611      	BSF        SSPCON2, 4
;i2c_master.c,75 :: 		while(SSPCON2.ACKEN);
L_i2c_master_read10:
0x0178	0x1E11      	BTFSS      SSPCON2, 4
0x0179	0x297B      	GOTO       L_i2c_master_read11
0x017A	0x2978      	GOTO       L_i2c_master_read10
L_i2c_master_read11:
;i2c_master.c,76 :: 		SSPCON2.ACKDT = 0; // ack
0x017B	0x1291      	BCF        SSPCON2, 5
;i2c_master.c,77 :: 		i2c_master_stop();
0x017C	0x20A5      	CALL       _i2c_master_stop
;i2c_master.c,78 :: 		return read_data;
0x017D	0x1683      	BSF        STATUS, 5
0x017E	0x0840      	MOVF       i2c_master_read_read_data_L0, 0
0x017F	0x00F0      	MOVWF      R0
;i2c_master.c,79 :: 		}
L_end_i2c_master_read:
0x0180	0x0008      	RETURN
; end of _i2c_master_read
_Lcd_Init:
;__Lib_Lcd.c,84 :: 		
;__Lib_Lcd.c,86 :: 		
0x0181	0x1683      	BSF        STATUS, 5
0x0182	0x1303      	BCF        STATUS, 6
0x0183	0x1288      	BCF        LCD_EN_Direction, BitPos(LCD_EN_Direction+0)
;__Lib_Lcd.c,87 :: 		
0x0184	0x1208      	BCF        LCD_RS_Direction, BitPos(LCD_RS_Direction+0)
;__Lib_Lcd.c,88 :: 		
0x0185	0x1008      	BCF        LCD_D4_Direction, BitPos(LCD_D4_Direction+0)
;__Lib_Lcd.c,89 :: 		
0x0186	0x1088      	BCF        LCD_D5_Direction, BitPos(LCD_D5_Direction+0)
;__Lib_Lcd.c,90 :: 		
0x0187	0x1108      	BCF        LCD_D6_Direction, BitPos(LCD_D6_Direction+0)
;__Lib_Lcd.c,91 :: 		
0x0188	0x1188      	BCF        LCD_D7_Direction, BitPos(LCD_D7_Direction+0)
;__Lib_Lcd.c,93 :: 		
0x0189	0x1283      	BCF        STATUS, 5
0x018A	0x1288      	BCF        LCD_EN, BitPos(LCD_EN+0)
;__Lib_Lcd.c,94 :: 		
0x018B	0x1208      	BCF        LCD_RS, BitPos(LCD_RS+0)
;__Lib_Lcd.c,95 :: 		
0x018C	0x1188      	BCF        LCD_D7, BitPos(LCD_D7+0)
;__Lib_Lcd.c,96 :: 		
0x018D	0x1108      	BCF        LCD_D6, BitPos(LCD_D6+0)
;__Lib_Lcd.c,97 :: 		
0x018E	0x1088      	BCF        LCD_D5, BitPos(LCD_D5+0)
;__Lib_Lcd.c,98 :: 		
0x018F	0x1008      	BCF        LCD_D4, BitPos(LCD_D4+0)
;__Lib_Lcd.c,100 :: 		
0x0190	0x2023      	CALL       _Delay_5500us
;__Lib_Lcd.c,101 :: 		
0x0191	0x2023      	CALL       _Delay_5500us
;__Lib_Lcd.c,102 :: 		
0x0192	0x2023      	CALL       _Delay_5500us
;__Lib_Lcd.c,105 :: 		
0x0193	0x1488      	BSF        LCD_D5, BitPos(LCD_D5+0)
;__Lib_Lcd.c,106 :: 		
0x0194	0x1408      	BSF        LCD_D4, BitPos(LCD_D4+0)
;__Lib_Lcd.c,107 :: 		
0x0195	0x1688      	BSF        LCD_EN, BitPos(LCD_EN+0)
;__Lib_Lcd.c,108 :: 		
0x0196	0x2019      	CALL       _Delay_1us
;__Lib_Lcd.c,109 :: 		
0x0197	0x1288      	BCF        LCD_EN, BitPos(LCD_EN+0)
;__Lib_Lcd.c,110 :: 		
0x0198	0x2023      	CALL       _Delay_5500us
;__Lib_Lcd.c,112 :: 		
0x0199	0x1688      	BSF        LCD_EN, BitPos(LCD_EN+0)
;__Lib_Lcd.c,113 :: 		
0x019A	0x2019      	CALL       _Delay_1us
;__Lib_Lcd.c,114 :: 		
0x019B	0x1288      	BCF        LCD_EN, BitPos(LCD_EN+0)
;__Lib_Lcd.c,115 :: 		
0x019C	0x2023      	CALL       _Delay_5500us
;__Lib_Lcd.c,117 :: 		
0x019D	0x1688      	BSF        LCD_EN, BitPos(LCD_EN+0)
;__Lib_Lcd.c,118 :: 		
0x019E	0x2019      	CALL       _Delay_1us
;__Lib_Lcd.c,119 :: 		
0x019F	0x1288      	BCF        LCD_EN, BitPos(LCD_EN+0)
;__Lib_Lcd.c,120 :: 		
0x01A0	0x2023      	CALL       _Delay_5500us
;__Lib_Lcd.c,123 :: 		
0x01A1	0x1008      	BCF        LCD_D4, BitPos(LCD_D4+0)
;__Lib_Lcd.c,124 :: 		
0x01A2	0x1688      	BSF        LCD_EN, BitPos(LCD_EN+0)
;__Lib_Lcd.c,125 :: 		
0x01A3	0x2019      	CALL       _Delay_1us
;__Lib_Lcd.c,126 :: 		
0x01A4	0x1288      	BCF        LCD_EN, BitPos(LCD_EN+0)
;__Lib_Lcd.c,127 :: 		
0x01A5	0x2023      	CALL       _Delay_5500us
;__Lib_Lcd.c,130 :: 		
0x01A6	0x1688      	BSF        LCD_EN, BitPos(LCD_EN+0)
;__Lib_Lcd.c,131 :: 		
0x01A7	0x2019      	CALL       _Delay_1us
;__Lib_Lcd.c,132 :: 		
0x01A8	0x1288      	BCF        LCD_EN, BitPos(LCD_EN+0)
;__Lib_Lcd.c,134 :: 		
0x01A9	0x1088      	BCF        LCD_D5, BitPos(LCD_D5+0)
;__Lib_Lcd.c,135 :: 		
0x01AA	0x1588      	BSF        LCD_D7, BitPos(LCD_D7+0)
;__Lib_Lcd.c,136 :: 		
0x01AB	0x1688      	BSF        LCD_EN, BitPos(LCD_EN+0)
;__Lib_Lcd.c,137 :: 		
0x01AC	0x2019      	CALL       _Delay_1us
;__Lib_Lcd.c,138 :: 		
0x01AD	0x1288      	BCF        LCD_EN, BitPos(LCD_EN+0)
;__Lib_Lcd.c,139 :: 		
0x01AE	0x2023      	CALL       _Delay_5500us
;__Lib_Lcd.c,142 :: 		
0x01AF	0x1188      	BCF        LCD_D7, BitPos(LCD_D7+0)
;__Lib_Lcd.c,143 :: 		
0x01B0	0x1408      	BSF        LCD_D4, BitPos(LCD_D4+0)
;__Lib_Lcd.c,144 :: 		
0x01B1	0x1688      	BSF        LCD_EN, BitPos(LCD_EN+0)
;__Lib_Lcd.c,145 :: 		
0x01B2	0x2019      	CALL       _Delay_1us
;__Lib_Lcd.c,146 :: 		
0x01B3	0x1288      	BCF        LCD_EN, BitPos(LCD_EN+0)
;__Lib_Lcd.c,148 :: 		
0x01B4	0x1008      	BCF        LCD_D4, BitPos(LCD_D4+0)
;__Lib_Lcd.c,149 :: 		
0x01B5	0x1688      	BSF        LCD_EN, BitPos(LCD_EN+0)
;__Lib_Lcd.c,150 :: 		
0x01B6	0x2019      	CALL       _Delay_1us
;__Lib_Lcd.c,151 :: 		
0x01B7	0x1288      	BCF        LCD_EN, BitPos(LCD_EN+0)
;__Lib_Lcd.c,152 :: 		
0x01B8	0x2023      	CALL       _Delay_5500us
;__Lib_Lcd.c,155 :: 		
0x01B9	0x1688      	BSF        LCD_EN, BitPos(LCD_EN+0)
;__Lib_Lcd.c,156 :: 		
0x01BA	0x2019      	CALL       _Delay_1us
;__Lib_Lcd.c,157 :: 		
0x01BB	0x1288      	BCF        LCD_EN, BitPos(LCD_EN+0)
;__Lib_Lcd.c,159 :: 		
0x01BC	0x1408      	BSF        LCD_D4, BitPos(LCD_D4+0)
;__Lib_Lcd.c,160 :: 		
0x01BD	0x1688      	BSF        LCD_EN, BitPos(LCD_EN+0)
;__Lib_Lcd.c,161 :: 		
0x01BE	0x2019      	CALL       _Delay_1us
;__Lib_Lcd.c,162 :: 		
0x01BF	0x1288      	BCF        LCD_EN, BitPos(LCD_EN+0)
;__Lib_Lcd.c,163 :: 		
0x01C0	0x2023      	CALL       _Delay_5500us
;__Lib_Lcd.c,166 :: 		
0x01C1	0x1008      	BCF        LCD_D4, BitPos(LCD_D4+0)
;__Lib_Lcd.c,167 :: 		
0x01C2	0x1688      	BSF        LCD_EN, BitPos(LCD_EN+0)
;__Lib_Lcd.c,168 :: 		
0x01C3	0x2019      	CALL       _Delay_1us
;__Lib_Lcd.c,169 :: 		
0x01C4	0x1288      	BCF        LCD_EN, BitPos(LCD_EN+0)
;__Lib_Lcd.c,171 :: 		
0x01C5	0x1588      	BSF        LCD_D7, BitPos(LCD_D7+0)
;__Lib_Lcd.c,172 :: 		
0x01C6	0x1508      	BSF        LCD_D6, BitPos(LCD_D6+0)
;__Lib_Lcd.c,173 :: 		
0x01C7	0x1488      	BSF        LCD_D5, BitPos(LCD_D5+0)
;__Lib_Lcd.c,174 :: 		
0x01C8	0x1408      	BSF        LCD_D4, BitPos(LCD_D4+0)
;__Lib_Lcd.c,175 :: 		
0x01C9	0x1688      	BSF        LCD_EN, BitPos(LCD_EN+0)
;__Lib_Lcd.c,176 :: 		
0x01CA	0x2019      	CALL       _Delay_1us
;__Lib_Lcd.c,177 :: 		
0x01CB	0x1288      	BCF        LCD_EN, BitPos(LCD_EN+0)
;__Lib_Lcd.c,179 :: 		
0x01CC	0x2023      	CALL       _Delay_5500us
;__Lib_Lcd.c,181 :: 		
0x01CD	0x1683      	BSF        STATUS, 5
0x01CE	0x1438      	BSF        __Lib_Lcd_cmd_status, BitPos(__Lib_Lcd_cmd_status+0)
;__Lib_Lcd.c,182 :: 		
L_end_Lcd_Init:
0x01CF	0x0008      	RETURN
; end of _Lcd_Init
_i2c_master_init:
;i2c_master.c,6 :: 		void i2c_master_init() {
;i2c_master.c,7 :: 		SCL_DIR = 1;
0x01D0	0x1683      	BSF        STATUS, 5
0x01D1	0x1303      	BCF        STATUS, 6
0x01D2	0x1587      	BSF        TRISC, 3
;i2c_master.c,8 :: 		SDA_DIR = 1;
0x01D3	0x1607      	BSF        TRISC, 4
;i2c_master.c,9 :: 		SSPCON2 = 0;
0x01D4	0x0191      	CLRF       SSPCON2
;i2c_master.c,10 :: 		SSPSTAT = 0x80;      // slew rate control disblaed for standard speed mode(100kHz and 100MHz)
0x01D5	0x3080      	MOVLW      128
0x01D6	0x0094      	MOVWF      SSPSTAT
;i2c_master.c,11 :: 		SSPADD = 9;          // Set I2C clock speed 100kHz in Xtal 4MHz
0x01D7	0x3009      	MOVLW      9
0x01D8	0x0093      	MOVWF      SSPADD
;i2c_master.c,12 :: 		SSPCON = 0b00101000; // Enable I2C Master mode, clock = FOSC/(4 * (SSPADD + 1))
0x01D9	0x3028      	MOVLW      40
0x01DA	0x1283      	BCF        STATUS, 5
0x01DB	0x0094      	MOVWF      SSPCON
;i2c_master.c,13 :: 		}
L_end_i2c_master_init:
0x01DC	0x0008      	RETURN
; end of _i2c_master_init
_____DoICP:
;__Lib_System.c,6 :: 		
;__Lib_System.c,9 :: 		
0x01DD	0x1283      	BCF        STATUS, 5
0x01DE	0x1303      	BCF        STATUS, 6
0x01DF	0x086E      	MOVF       ___DoICPAddr+1, 0
0x01E0	0x008A      	MOVWF      PCLATH
;__Lib_System.c,10 :: 		
0x01E1	0x086D      	MOVF       ___DoICPAddr, 0
0x01E2	0x0082      	MOVWF      PCL
;__Lib_System.c,12 :: 		
L_end_____DoICP:
0x01E3	0x0008      	RETURN
; end of _____DoICP
_set_date:
;master.c,96 :: 		void set_date() {
;master.c,98 :: 		for(i = 0; i < array_length; i++) {
0x01E4	0x1683      	BSF        STATUS, 5
0x01E5	0x1303      	BCF        STATUS, 6
0x01E6	0x01BB      	CLRF       set_date_i_L0
L_set_date1:
0x01E7	0x3007      	MOVLW      7
0x01E8	0x023B      	SUBWF      set_date_i_L0, 0
0x01E9	0x1803      	BTFSC      STATUS, 0
0x01EA	0x2A17      	GOTO       L_set_date2
;master.c,99 :: 		temp = ((set_date_array[i] / 10) << 4) | ((set_date_array[i] % 10) & 0x0F);
0x01EB	0x083B      	MOVF       set_date_i_L0, 0
0x01EC	0x3E26      	ADDLW      _set_date_array
0x01ED	0x0084      	MOVWF      FSR
0x01EE	0x0800      	MOVF       INDF, 0
0x01EF	0x00BD      	MOVWF      FLOC__set_date+1
0x01F0	0x300A      	MOVLW      10
0x01F1	0x00F4      	MOVWF      R4
0x01F2	0x083D      	MOVF       FLOC__set_date+1, 0
0x01F3	0x00F0      	MOVWF      R0
0x01F4	0x20D6      	CALL       _Div_8X8_U
0x01F5	0x0870      	MOVF       R0, 0
0x01F6	0x1683      	BSF        STATUS, 5
0x01F7	0x00BC      	MOVWF      FLOC__set_date
0x01F8	0x0DBC      	RLF        FLOC__set_date, 1
0x01F9	0x103C      	BCF        FLOC__set_date, 0
0x01FA	0x0DBC      	RLF        FLOC__set_date, 1
0x01FB	0x103C      	BCF        FLOC__set_date, 0
0x01FC	0x0DBC      	RLF        FLOC__set_date, 1
0x01FD	0x103C      	BCF        FLOC__set_date, 0
0x01FE	0x0DBC      	RLF        FLOC__set_date, 1
0x01FF	0x103C      	BCF        FLOC__set_date, 0
0x0200	0x300A      	MOVLW      10
0x0201	0x00F4      	MOVWF      R4
0x0202	0x083D      	MOVF       FLOC__set_date+1, 0
0x0203	0x00F0      	MOVWF      R0
0x0204	0x20D6      	CALL       _Div_8X8_U
0x0205	0x0878      	MOVF       R8, 0
0x0206	0x00F0      	MOVWF      R0
0x0207	0x300F      	MOVLW      15
0x0208	0x05F0      	ANDWF      R0, 1
0x0209	0x1683      	BSF        STATUS, 5
0x020A	0x083C      	MOVF       FLOC__set_date, 0
0x020B	0x04F0      	IORWF      R0, 1
0x020C	0x0870      	MOVF       R0, 0
0x020D	0x00BA      	MOVWF      _temp
;master.c,100 :: 		i2c_master_write(slave_address, i, temp);
0x020E	0x3006      	MOVLW      6
0x020F	0x00BE      	MOVWF      FARG_i2c_master_write_slave_address
0x0210	0x083B      	MOVF       set_date_i_L0, 0
0x0211	0x00BF      	MOVWF      FARG_i2c_master_write_data_index
0x0212	0x0870      	MOVF       R0, 0
0x0213	0x00C0      	MOVWF      FARG_i2c_master_write_write_data
0x0214	0x2100      	CALL       _i2c_master_write
;master.c,98 :: 		for(i = 0; i < array_length; i++) {
0x0215	0x0ABB      	INCF       set_date_i_L0, 1
;master.c,101 :: 		}
0x0216	0x29E7      	GOTO       L_set_date1
L_set_date2:
;master.c,102 :: 		}
L_end_set_date:
0x0217	0x0008      	RETURN
; end of _set_date
_get_date:
;master.c,104 :: 		void get_date() {
;master.c,106 :: 		for(i = 0; i < array_length; i++) {
0x0218	0x1683      	BSF        STATUS, 5
0x0219	0x1303      	BCF        STATUS, 6
0x021A	0x01BB      	CLRF       get_date_i_L0
L_get_date4:
0x021B	0x3007      	MOVLW      7
0x021C	0x023B      	SUBWF      get_date_i_L0, 0
0x021D	0x1803      	BTFSC      STATUS, 0
0x021E	0x2A2D      	GOTO       L_get_date5
;master.c,107 :: 		get_date_array[i] = i2c_master_read(slave_address, i);
0x021F	0x083B      	MOVF       get_date_i_L0, 0
0x0220	0x3E66      	ADDLW      _get_date_array
0x0221	0x00BC      	MOVWF      FLOC__get_date
0x0222	0x3006      	MOVLW      6
0x0223	0x00BE      	MOVWF      FARG_i2c_master_read_slave_address
0x0224	0x083B      	MOVF       get_date_i_L0, 0
0x0225	0x00BF      	MOVWF      FARG_i2c_master_read_data_index
0x0226	0x2155      	CALL       _i2c_master_read
0x0227	0x083C      	MOVF       FLOC__get_date, 0
0x0228	0x0084      	MOVWF      FSR
0x0229	0x0870      	MOVF       R0, 0
0x022A	0x0080      	MOVWF      INDF
;master.c,106 :: 		for(i = 0; i < array_length; i++) {
0x022B	0x0ABB      	INCF       get_date_i_L0, 1
;master.c,108 :: 		}
0x022C	0x2A1B      	GOTO       L_get_date4
L_get_date5:
;master.c,109 :: 		}
L_end_get_date:
0x022D	0x0008      	RETURN
; end of _get_date
_disp_time:
;master.c,49 :: 		void disp_time() {
;master.c,50 :: 		Lcd_Out(2, 1, "Time:");
0x022E	0x3002      	MOVLW      2
0x022F	0x1683      	BSF        STATUS, 5
0x0230	0x1303      	BCF        STATUS, 6
0x0231	0x00BE      	MOVWF      FARG_Lcd_Out_row
0x0232	0x3001      	MOVLW      1
0x0233	0x00BF      	MOVWF      FARG_Lcd_Out_column
0x0234	0x3020      	MOVLW      ?lstr3_master
0x0235	0x00C0      	MOVWF      FARG_Lcd_Out_text
0x0236	0x2114      	CALL       _Lcd_Out
;master.c,51 :: 		Lcd_Chr_Cp('0' + ((get_date_array[0] >> 4) & 0x0F));
0x0237	0x1283      	BCF        STATUS, 5
0x0238	0x0866      	MOVF       _get_date_array, 0
0x0239	0x00F0      	MOVWF      R0
0x023A	0x0CF0      	RRF        R0, 1
0x023B	0x13F0      	BCF        R0, 7
0x023C	0x0CF0      	RRF        R0, 1
0x023D	0x13F0      	BCF        R0, 7
0x023E	0x0CF0      	RRF        R0, 1
0x023F	0x13F0      	BCF        R0, 7
0x0240	0x0CF0      	RRF        R0, 1
0x0241	0x13F0      	BCF        R0, 7
0x0242	0x300F      	MOVLW      15
0x0243	0x05F0      	ANDWF      R0, 1
0x0244	0x0870      	MOVF       R0, 0
0x0245	0x3E30      	ADDLW      48
0x0246	0x1683      	BSF        STATUS, 5
0x0247	0x00C2      	MOVWF      FARG_Lcd_Chr_CP_out_char
0x0248	0x20BB      	CALL       _Lcd_Chr_CP
;master.c,52 :: 		Lcd_Chr_Cp('0' + (get_date_array[0] & 0x0F));
0x0249	0x300F      	MOVLW      15
0x024A	0x1283      	BCF        STATUS, 5
0x024B	0x0566      	ANDWF      _get_date_array, 0
0x024C	0x00F0      	MOVWF      R0
0x024D	0x0870      	MOVF       R0, 0
0x024E	0x3E30      	ADDLW      48
0x024F	0x1683      	BSF        STATUS, 5
0x0250	0x00C2      	MOVWF      FARG_Lcd_Chr_CP_out_char
0x0251	0x20BB      	CALL       _Lcd_Chr_CP
;master.c,53 :: 		Lcd_Chr_Cp(':');
0x0252	0x303A      	MOVLW      58
0x0253	0x00C2      	MOVWF      FARG_Lcd_Chr_CP_out_char
0x0254	0x20BB      	CALL       _Lcd_Chr_CP
;master.c,54 :: 		Lcd_Chr_Cp('0' + ((get_date_array[1] >> 4) & 0x0F));
0x0255	0x1283      	BCF        STATUS, 5
0x0256	0x0867      	MOVF       _get_date_array+1, 0
0x0257	0x00F0      	MOVWF      R0
0x0258	0x0CF0      	RRF        R0, 1
0x0259	0x13F0      	BCF        R0, 7
0x025A	0x0CF0      	RRF        R0, 1
0x025B	0x13F0      	BCF        R0, 7
0x025C	0x0CF0      	RRF        R0, 1
0x025D	0x13F0      	BCF        R0, 7
0x025E	0x0CF0      	RRF        R0, 1
0x025F	0x13F0      	BCF        R0, 7
0x0260	0x300F      	MOVLW      15
0x0261	0x05F0      	ANDWF      R0, 1
0x0262	0x0870      	MOVF       R0, 0
0x0263	0x3E30      	ADDLW      48
0x0264	0x1683      	BSF        STATUS, 5
0x0265	0x00C2      	MOVWF      FARG_Lcd_Chr_CP_out_char
0x0266	0x20BB      	CALL       _Lcd_Chr_CP
;master.c,55 :: 		Lcd_Chr_Cp('0' + (get_date_array[1] & 0x0F));
0x0267	0x300F      	MOVLW      15
0x0268	0x1283      	BCF        STATUS, 5
0x0269	0x0567      	ANDWF      _get_date_array+1, 0
0x026A	0x00F0      	MOVWF      R0
0x026B	0x0870      	MOVF       R0, 0
0x026C	0x3E30      	ADDLW      48
0x026D	0x1683      	BSF        STATUS, 5
0x026E	0x00C2      	MOVWF      FARG_Lcd_Chr_CP_out_char
0x026F	0x20BB      	CALL       _Lcd_Chr_CP
;master.c,56 :: 		Lcd_Chr_Cp(':');
0x0270	0x303A      	MOVLW      58
0x0271	0x00C2      	MOVWF      FARG_Lcd_Chr_CP_out_char
0x0272	0x20BB      	CALL       _Lcd_Chr_CP
;master.c,57 :: 		Lcd_Chr_Cp('0' + ((get_date_array[2] >> 4) & 0x0F));
0x0273	0x1283      	BCF        STATUS, 5
0x0274	0x0868      	MOVF       _get_date_array+2, 0
0x0275	0x00F0      	MOVWF      R0
0x0276	0x0CF0      	RRF        R0, 1
0x0277	0x13F0      	BCF        R0, 7
0x0278	0x0CF0      	RRF        R0, 1
0x0279	0x13F0      	BCF        R0, 7
0x027A	0x0CF0      	RRF        R0, 1
0x027B	0x13F0      	BCF        R0, 7
0x027C	0x0CF0      	RRF        R0, 1
0x027D	0x13F0      	BCF        R0, 7
0x027E	0x300F      	MOVLW      15
0x027F	0x05F0      	ANDWF      R0, 1
0x0280	0x0870      	MOVF       R0, 0
0x0281	0x3E30      	ADDLW      48
0x0282	0x1683      	BSF        STATUS, 5
0x0283	0x00C2      	MOVWF      FARG_Lcd_Chr_CP_out_char
0x0284	0x20BB      	CALL       _Lcd_Chr_CP
;master.c,58 :: 		Lcd_Chr_Cp('0' + (get_date_array[2] & 0x0F));
0x0285	0x300F      	MOVLW      15
0x0286	0x1283      	BCF        STATUS, 5
0x0287	0x0568      	ANDWF      _get_date_array+2, 0
0x0288	0x00F0      	MOVWF      R0
0x0289	0x0870      	MOVF       R0, 0
0x028A	0x3E30      	ADDLW      48
0x028B	0x1683      	BSF        STATUS, 5
0x028C	0x00C2      	MOVWF      FARG_Lcd_Chr_CP_out_char
0x028D	0x20BB      	CALL       _Lcd_Chr_CP
;master.c,59 :: 		}
L_end_disp_time:
0x028E	0x0008      	RETURN
; end of _disp_time
_init:
;master.c,72 :: 		void init() {
;master.c,73 :: 		OPTION_REG = 0;
0x028F	0x1683      	BSF        STATUS, 5
0x0290	0x1303      	BCF        STATUS, 6
0x0291	0x0181      	CLRF       OPTION_REG
;master.c,74 :: 		ANSEL = 0;
0x0292	0x1703      	BSF        STATUS, 6
0x0293	0x0188      	CLRF       ANSEL
;master.c,75 :: 		ANSELH = 0;
0x0294	0x0189      	CLRF       ANSELH
;master.c,77 :: 		PORTA = 0;
0x0295	0x1283      	BCF        STATUS, 5
0x0296	0x1303      	BCF        STATUS, 6
0x0297	0x0185      	CLRF       PORTA
;master.c,78 :: 		TRISA = 0;
0x0298	0x1683      	BSF        STATUS, 5
0x0299	0x0185      	CLRF       TRISA
;master.c,79 :: 		PORTB = 0;
0x029A	0x1283      	BCF        STATUS, 5
0x029B	0x0186      	CLRF       PORTB
;master.c,80 :: 		TRISB = 0x01;
0x029C	0x3001      	MOVLW      1
0x029D	0x1683      	BSF        STATUS, 5
0x029E	0x0086      	MOVWF      TRISB
;master.c,81 :: 		PORTC = 0;
0x029F	0x1283      	BCF        STATUS, 5
0x02A0	0x0187      	CLRF       PORTC
;master.c,82 :: 		TRISC = 0;
0x02A1	0x1683      	BSF        STATUS, 5
0x02A2	0x0187      	CLRF       TRISC
;master.c,83 :: 		PORTD = 0;
0x02A3	0x1283      	BCF        STATUS, 5
0x02A4	0x0188      	CLRF       PORTD
;master.c,84 :: 		TRISD = 0;
0x02A5	0x1683      	BSF        STATUS, 5
0x02A6	0x0188      	CLRF       TRISD
;master.c,85 :: 		PIR1 = 0;
0x02A7	0x1283      	BCF        STATUS, 5
0x02A8	0x018C      	CLRF       PIR1
;master.c,87 :: 		Lcd_Init();
0x02A9	0x2181      	CALL       _Lcd_Init
;master.c,88 :: 		Lcd_Cmd(_LCD_CLEAR);
0x02AA	0x3001      	MOVLW      1
0x02AB	0x00C3      	MOVWF      FARG_Lcd_Cmd_out_char
0x02AC	0x2030      	CALL       _Lcd_Cmd
;master.c,89 :: 		Lcd_Cmd(_LCD_CURSOR_OFF);
0x02AD	0x300C      	MOVLW      12
0x02AE	0x1683      	BSF        STATUS, 5
0x02AF	0x00C3      	MOVWF      FARG_Lcd_Cmd_out_char
0x02B0	0x2030      	CALL       _Lcd_Cmd
;master.c,90 :: 		Lcd_Out(1, 5, "Welcome");
0x02B1	0x3001      	MOVLW      1
0x02B2	0x1683      	BSF        STATUS, 5
0x02B3	0x00BE      	MOVWF      FARG_Lcd_Out_row
0x02B4	0x3005      	MOVLW      5
0x02B5	0x00BF      	MOVWF      FARG_Lcd_Out_column
0x02B6	0x30A0      	MOVLW      ?lstr4_master
0x02B7	0x00C0      	MOVWF      FARG_Lcd_Out_text
0x02B8	0x2114      	CALL       _Lcd_Out
;master.c,91 :: 		Lcd_Out(2, 2, "Initializing...");
0x02B9	0x3002      	MOVLW      2
0x02BA	0x00BE      	MOVWF      FARG_Lcd_Out_row
0x02BB	0x3002      	MOVLW      2
0x02BC	0x00BF      	MOVWF      FARG_Lcd_Out_column
0x02BD	0x30A8      	MOVLW      ?lstr5_master
0x02BE	0x00C0      	MOVWF      FARG_Lcd_Out_text
0x02BF	0x2114      	CALL       _Lcd_Out
;master.c,93 :: 		i2c_master_init();
0x02C0	0x21D0      	CALL       _i2c_master_init
;master.c,94 :: 		}
L_end_init:
0x02C1	0x0008      	RETURN
; end of _init
___CC2DW:
;__Lib_System.c,134 :: 		
;__Lib_System.c,137 :: 		
_CC2D_Loop1:
;__Lib_System.c,139 :: 		
0x02C2	0x21DD      	CALL       _____DoICP
0x02C3	0x118A      	BCF        PCLATH, 3
0x02C4	0x120A      	BCF        PCLATH, 4
;__Lib_System.c,141 :: 		
0x02C5	0x0080      	MOVWF      INDF
;__Lib_System.c,142 :: 		
0x02C6	0x0A84      	INCF       FSR, 1
;__Lib_System.c,143 :: 		
0x02C7	0x0AED      	INCF       ___DoICPAddr, 1
;__Lib_System.c,145 :: 		
0x02C8	0x1903      	BTFSC      STATUS, 2
;__Lib_System.c,146 :: 		
0x02C9	0x0AEE      	INCF       ___DoICPAddr+1, 1
;__Lib_System.c,147 :: 		
0x02CA	0x03F0      	DECF       R0, 1
;__Lib_System.c,149 :: 		
0x02CB	0x1D03      	BTFSS      STATUS, 2
;__Lib_System.c,150 :: 		
0x02CC	0x2AC2      	GOTO       _CC2D_Loop1
;__Lib_System.c,152 :: 		
L_end___CC2DW:
0x02CD	0x0008      	RETURN
; end of ___CC2DW
_disp_date:
;master.c,32 :: 		void disp_date() {
;master.c,35 :: 		temp = ((get_date_array[4] >> 4) * 10) + (get_date_array[4] & 0x0F);
0x02CE	0x1283      	BCF        STATUS, 5
0x02CF	0x1303      	BCF        STATUS, 6
0x02D0	0x086A      	MOVF       _get_date_array+4, 0
0x02D1	0x00F0      	MOVWF      R0
0x02D2	0x0CF0      	RRF        R0, 1
0x02D3	0x13F0      	BCF        R0, 7
0x02D4	0x0CF0      	RRF        R0, 1
0x02D5	0x13F0      	BCF        R0, 7
0x02D6	0x0CF0      	RRF        R0, 1
0x02D7	0x13F0      	BCF        R0, 7
0x02D8	0x0CF0      	RRF        R0, 1
0x02D9	0x13F0      	BCF        R0, 7
0x02DA	0x300A      	MOVLW      10
0x02DB	0x00F4      	MOVWF      R4
0x02DC	0x20E7      	CALL       _Mul_8X8_U
0x02DD	0x300F      	MOVLW      15
0x02DE	0x056A      	ANDWF      _get_date_array+4, 0
0x02DF	0x00F1      	MOVWF      R1
0x02E0	0x0871      	MOVF       R1, 0
0x02E1	0x0770      	ADDWF      R0, 0
0x02E2	0x1683      	BSF        STATUS, 5
0x02E3	0x00BB      	MOVWF      disp_date_temp_L0
;master.c,36 :: 		Lcd_Out(1, 1, "Date:");
0x02E4	0x3001      	MOVLW      1
0x02E5	0x00BE      	MOVWF      FARG_Lcd_Out_row
0x02E6	0x3001      	MOVLW      1
0x02E7	0x00BF      	MOVWF      FARG_Lcd_Out_column
0x02E8	0x302D      	MOVLW      ?lstr1_master
0x02E9	0x00C0      	MOVWF      FARG_Lcd_Out_text
0x02EA	0x2114      	CALL       _Lcd_Out
;master.c,37 :: 		Lcd_Out_Cp(str_month_name[temp - 1]);
0x02EB	0x3001      	MOVLW      1
0x02EC	0x023B      	SUBWF      disp_date_temp_L0, 0
0x02ED	0x00F3      	MOVWF      R3
0x02EE	0x01F4      	CLRF       R3+1
0x02EF	0x1C03      	BTFSS      STATUS, 0
0x02F0	0x03F4      	DECF       R3+1, 1
0x02F1	0x0873      	MOVF       R3, 0
0x02F2	0x00F0      	MOVWF      R0
0x02F3	0x0874      	MOVF       R3+1, 0
0x02F4	0x00F1      	MOVWF      R0+1
0x02F5	0x0DF0      	RLF        R0, 1
0x02F6	0x0DF1      	RLF        R0+1, 1
0x02F7	0x1070      	BCF        R0, 0
0x02F8	0x0DF0      	RLF        R0, 1
0x02F9	0x0DF1      	RLF        R0+1, 1
0x02FA	0x1070      	BCF        R0, 0
0x02FB	0x0870      	MOVF       R0, 0
0x02FC	0x3E36      	ADDLW      _str_month_name
0x02FD	0x00BE      	MOVWF      FARG_Lcd_Out_CP_text
0x02FE	0x20C4      	CALL       _Lcd_Out_CP
;master.c,38 :: 		Lcd_Chr_Cp('-');
0x02FF	0x302D      	MOVLW      45
0x0300	0x00C2      	MOVWF      FARG_Lcd_Chr_CP_out_char
0x0301	0x20BB      	CALL       _Lcd_Chr_CP
;master.c,40 :: 		Lcd_Chr_Cp('0' + ((get_date_array[5] >> 4) & 0x0F));
0x0302	0x1283      	BCF        STATUS, 5
0x0303	0x086B      	MOVF       _get_date_array+5, 0
0x0304	0x00F0      	MOVWF      R0
0x0305	0x0CF0      	RRF        R0, 1
0x0306	0x13F0      	BCF        R0, 7
0x0307	0x0CF0      	RRF        R0, 1
0x0308	0x13F0      	BCF        R0, 7
0x0309	0x0CF0      	RRF        R0, 1
0x030A	0x13F0      	BCF        R0, 7
0x030B	0x0CF0      	RRF        R0, 1
0x030C	0x13F0      	BCF        R0, 7
0x030D	0x300F      	MOVLW      15
0x030E	0x05F0      	ANDWF      R0, 1
0x030F	0x0870      	MOVF       R0, 0
0x0310	0x3E30      	ADDLW      48
0x0311	0x1683      	BSF        STATUS, 5
0x0312	0x00C2      	MOVWF      FARG_Lcd_Chr_CP_out_char
0x0313	0x20BB      	CALL       _Lcd_Chr_CP
;master.c,41 :: 		Lcd_Chr_Cp('0' + (get_date_array[5] & 0x0F));
0x0314	0x300F      	MOVLW      15
0x0315	0x1283      	BCF        STATUS, 5
0x0316	0x056B      	ANDWF      _get_date_array+5, 0
0x0317	0x00F0      	MOVWF      R0
0x0318	0x0870      	MOVF       R0, 0
0x0319	0x3E30      	ADDLW      48
0x031A	0x1683      	BSF        STATUS, 5
0x031B	0x00C2      	MOVWF      FARG_Lcd_Chr_CP_out_char
0x031C	0x20BB      	CALL       _Lcd_Chr_CP
;master.c,42 :: 		Lcd_Chr_Cp('-');
0x031D	0x302D      	MOVLW      45
0x031E	0x00C2      	MOVWF      FARG_Lcd_Chr_CP_out_char
0x031F	0x20BB      	CALL       _Lcd_Chr_CP
;master.c,44 :: 		Lcd_Out_Cp("20");
0x0320	0x3033      	MOVLW      ?lstr2_master
0x0321	0x00BE      	MOVWF      FARG_Lcd_Out_CP_text
0x0322	0x20C4      	CALL       _Lcd_Out_CP
;master.c,45 :: 		Lcd_Chr_Cp('0' + ((get_date_array[3] >> 4) & 0x0F));
0x0323	0x1283      	BCF        STATUS, 5
0x0324	0x0869      	MOVF       _get_date_array+3, 0
0x0325	0x00F0      	MOVWF      R0
0x0326	0x0CF0      	RRF        R0, 1
0x0327	0x13F0      	BCF        R0, 7
0x0328	0x0CF0      	RRF        R0, 1
0x0329	0x13F0      	BCF        R0, 7
0x032A	0x0CF0      	RRF        R0, 1
0x032B	0x13F0      	BCF        R0, 7
0x032C	0x0CF0      	RRF        R0, 1
0x032D	0x13F0      	BCF        R0, 7
0x032E	0x300F      	MOVLW      15
0x032F	0x05F0      	ANDWF      R0, 1
0x0330	0x0870      	MOVF       R0, 0
0x0331	0x3E30      	ADDLW      48
0x0332	0x1683      	BSF        STATUS, 5
0x0333	0x00C2      	MOVWF      FARG_Lcd_Chr_CP_out_char
0x0334	0x20BB      	CALL       _Lcd_Chr_CP
;master.c,46 :: 		Lcd_Chr_Cp('0' + (get_date_array[3] & 0x0F));
0x0335	0x300F      	MOVLW      15
0x0336	0x1283      	BCF        STATUS, 5
0x0337	0x0569      	ANDWF      _get_date_array+3, 0
0x0338	0x00F0      	MOVWF      R0
0x0339	0x0870      	MOVF       R0, 0
0x033A	0x3E30      	ADDLW      48
0x033B	0x1683      	BSF        STATUS, 5
0x033C	0x00C2      	MOVWF      FARG_Lcd_Chr_CP_out_char
0x033D	0x20BB      	CALL       _Lcd_Chr_CP
;master.c,47 :: 		}
L_end_disp_date:
0x033E	0x0008      	RETURN
; end of _disp_date
_main:
0x033F	0x23F0      	CALL       1008
;master.c,111 :: 		void main() {
;master.c,112 :: 		init();
0x0340	0x228F      	CALL       _init
;master.c,113 :: 		Delay_ms(500);
0x0341	0x3006      	MOVLW      6
0x0342	0x00FB      	MOVWF      R11
0x0343	0x3013      	MOVLW      19
0x0344	0x00FC      	MOVWF      R12
0x0345	0x30AD      	MOVLW      173
0x0346	0x00FD      	MOVWF      R13
L_main7:
0x0347	0x0BFD      	DECFSZ     R13, 1
0x0348	0x2B47      	GOTO       L_main7
0x0349	0x0BFC      	DECFSZ     R12, 1
0x034A	0x2B47      	GOTO       L_main7
0x034B	0x0BFB      	DECFSZ     R11, 1
0x034C	0x2B47      	GOTO       L_main7
0x034D	0x0000      	NOP
0x034E	0x0000      	NOP
;master.c,114 :: 		Lcd_Cmd(_LCD_CLEAR);
0x034F	0x3001      	MOVLW      1
0x0350	0x1683      	BSF        STATUS, 5
0x0351	0x00C3      	MOVWF      FARG_Lcd_Cmd_out_char
0x0352	0x2030      	CALL       _Lcd_Cmd
;master.c,116 :: 		while(1) {
L_main8:
;master.c,117 :: 		get_date();
0x0353	0x2218      	CALL       _get_date
;master.c,119 :: 		disp_time();
0x0354	0x222E      	CALL       _disp_time
;master.c,120 :: 		disp_date();
0x0355	0x22CE      	CALL       _disp_date
;master.c,122 :: 		Delay_ms(300);
0x0356	0x3004      	MOVLW      4
0x0357	0x00FB      	MOVWF      R11
0x0358	0x300C      	MOVLW      12
0x0359	0x00FC      	MOVWF      R12
0x035A	0x3033      	MOVLW      51
0x035B	0x00FD      	MOVWF      R13
L_main10:
0x035C	0x0BFD      	DECFSZ     R13, 1
0x035D	0x2B5C      	GOTO       L_main10
0x035E	0x0BFC      	DECFSZ     R12, 1
0x035F	0x2B5C      	GOTO       L_main10
0x0360	0x0BFB      	DECFSZ     R11, 1
0x0361	0x2B5C      	GOTO       L_main10
0x0362	0x0000      	NOP
0x0363	0x0000      	NOP
;master.c,124 :: 		if(!SET_DATE) {
0x0364	0x1283      	BCF        STATUS, 5
0x0365	0x1806      	BTFSC      PORTB, 0
0x0366	0x2B84      	GOTO       L_main11
;master.c,125 :: 		Delay_ms(500);
0x0367	0x3006      	MOVLW      6
0x0368	0x00FB      	MOVWF      R11
0x0369	0x3013      	MOVLW      19
0x036A	0x00FC      	MOVWF      R12
0x036B	0x30AD      	MOVLW      173
0x036C	0x00FD      	MOVWF      R13
L_main12:
0x036D	0x0BFD      	DECFSZ     R13, 1
0x036E	0x2B6D      	GOTO       L_main12
0x036F	0x0BFC      	DECFSZ     R12, 1
0x0370	0x2B6D      	GOTO       L_main12
0x0371	0x0BFB      	DECFSZ     R11, 1
0x0372	0x2B6D      	GOTO       L_main12
0x0373	0x0000      	NOP
0x0374	0x0000      	NOP
;master.c,126 :: 		set_date();
0x0375	0x21E4      	CALL       _set_date
;master.c,127 :: 		Delay_ms(500);
0x0376	0x3006      	MOVLW      6
0x0377	0x00FB      	MOVWF      R11
0x0378	0x3013      	MOVLW      19
0x0379	0x00FC      	MOVWF      R12
0x037A	0x30AD      	MOVLW      173
0x037B	0x00FD      	MOVWF      R13
L_main13:
0x037C	0x0BFD      	DECFSZ     R13, 1
0x037D	0x2B7C      	GOTO       L_main13
0x037E	0x0BFC      	DECFSZ     R12, 1
0x037F	0x2B7C      	GOTO       L_main13
0x0380	0x0BFB      	DECFSZ     R11, 1
0x0381	0x2B7C      	GOTO       L_main13
0x0382	0x0000      	NOP
0x0383	0x0000      	NOP
;master.c,128 :: 		}
L_main11:
;master.c,129 :: 		}
0x0384	0x2B53      	GOTO       L_main8
;master.c,130 :: 		}
L_end_main:
0x0385	0x2B85      	GOTO       $+0
; end of _main
0x03F0	0x3020      	MOVLW      32
0x03F1	0x0084      	MOVWF      FSR
0x03F2	0x304D      	MOVLW      77
0x03F3	0x1283      	BCF        STATUS, 5
0x03F4	0x1303      	BCF        STATUS, 6
0x03F5	0x00F0      	MOVWF      R0
0x03F6	0x308B      	MOVLW      139
0x03F7	0x00ED      	MOVWF      ___DoICPAddr
0x03F8	0x3003      	MOVLW      3
0x03F9	0x00EE      	MOVWF      110
0x03FA	0x22C2      	CALL       706
0x03FB	0x30A0      	MOVLW      160
0x03FC	0x0084      	MOVWF      FSR
0x03FD	0x3018      	MOVLW      24
0x03FE	0x1303      	BCF        STATUS, 6
0x03FF	0x00F0      	MOVWF      R0
0x0400	0x30D8      	MOVLW      216
0x0401	0x00ED      	MOVWF      ___DoICPAddr
0x0402	0x3003      	MOVLW      3
0x0403	0x00EE      	MOVWF      110
0x0404	0x22C2      	CALL       706
0x0405	0x0008      	RETURN
;master.c,0 :: ?ICS?lstr3_master
0x038B	0x3454 ;?ICS?lstr3_master+0
0x038C	0x3469 ;?ICS?lstr3_master+1
0x038D	0x346D ;?ICS?lstr3_master+2
0x038E	0x3465 ;?ICS?lstr3_master+3
0x038F	0x343A ;?ICS?lstr3_master+4
0x0390	0x3400 ;?ICS?lstr3_master+5
; end of ?ICS?lstr3_master
;master.c,0 :: ?ICS_set_date_array
0x0391	0x340C ;?ICS_set_date_array+0
0x0392	0x341E ;?ICS_set_date_array+1
0x0393	0x3428 ;?ICS_set_date_array+2
0x0394	0x3418 ;?ICS_set_date_array+3
0x0395	0x3404 ;?ICS_set_date_array+4
0x0396	0x3405 ;?ICS_set_date_array+5
0x0397	0x3404 ;?ICS_set_date_array+6
; end of ?ICS_set_date_array
;master.c,0 :: ?ICS?lstr1_master
0x0398	0x3444 ;?ICS?lstr1_master+0
0x0399	0x3461 ;?ICS?lstr1_master+1
0x039A	0x3474 ;?ICS?lstr1_master+2
0x039B	0x3465 ;?ICS?lstr1_master+3
0x039C	0x343A ;?ICS?lstr1_master+4
0x039D	0x3400 ;?ICS?lstr1_master+5
; end of ?ICS?lstr1_master
;master.c,0 :: ?ICS?lstr2_master
0x039E	0x3432 ;?ICS?lstr2_master+0
0x039F	0x3430 ;?ICS?lstr2_master+1
0x03A0	0x3400 ;?ICS?lstr2_master+2
; end of ?ICS?lstr2_master
;master.c,0 :: ?ICS_str_month_name
0x03A1	0x344A ;?ICS_str_month_name+0
0x03A2	0x3461 ;?ICS_str_month_name+1
0x03A3	0x346E ;?ICS_str_month_name+2
0x03A4	0x3400 ;?ICS_str_month_name+3
0x03A5	0x3446 ;?ICS_str_month_name+4
0x03A6	0x3465 ;?ICS_str_month_name+5
0x03A7	0x3462 ;?ICS_str_month_name+6
0x03A8	0x3400 ;?ICS_str_month_name+7
0x03A9	0x344D ;?ICS_str_month_name+8
0x03AA	0x3461 ;?ICS_str_month_name+9
0x03AB	0x3472 ;?ICS_str_month_name+10
0x03AC	0x3400 ;?ICS_str_month_name+11
0x03AD	0x3441 ;?ICS_str_month_name+12
0x03AE	0x3470 ;?ICS_str_month_name+13
0x03AF	0x3472 ;?ICS_str_month_name+14
0x03B0	0x3400 ;?ICS_str_month_name+15
0x03B1	0x344A ;?ICS_str_month_name+16
0x03B2	0x3475 ;?ICS_str_month_name+17
0x03B3	0x346E ;?ICS_str_month_name+18
0x03B4	0x3400 ;?ICS_str_month_name+19
0x03B5	0x344A ;?ICS_str_month_name+20
0x03B6	0x3475 ;?ICS_str_month_name+21
0x03B7	0x346C ;?ICS_str_month_name+22
0x03B8	0x3400 ;?ICS_str_month_name+23
0x03B9	0x3441 ;?ICS_str_month_name+24
0x03BA	0x3475 ;?ICS_str_month_name+25
0x03BB	0x3467 ;?ICS_str_month_name+26
0x03BC	0x3400 ;?ICS_str_month_name+27
0x03BD	0x3453 ;?ICS_str_month_name+28
0x03BE	0x3465 ;?ICS_str_month_name+29
0x03BF	0x3470 ;?ICS_str_month_name+30
0x03C0	0x3400 ;?ICS_str_month_name+31
0x03C1	0x344F ;?ICS_str_month_name+32
0x03C2	0x3463 ;?ICS_str_month_name+33
0x03C3	0x3474 ;?ICS_str_month_name+34
0x03C4	0x3400 ;?ICS_str_month_name+35
0x03C5	0x344E ;?ICS_str_month_name+36
0x03C6	0x346F ;?ICS_str_month_name+37
0x03C7	0x3476 ;?ICS_str_month_name+38
0x03C8	0x3400 ;?ICS_str_month_name+39
0x03C9	0x3444 ;?ICS_str_month_name+40
0x03CA	0x3465 ;?ICS_str_month_name+41
0x03CB	0x3463 ;?ICS_str_month_name+42
0x03CC	0x3400 ;?ICS_str_month_name+43
0x03CD	0x3400 ;?ICS_str_month_name+44
0x03CE	0x3400 ;?ICS_str_month_name+45
0x03CF	0x3400 ;?ICS_str_month_name+46
0x03D0	0x3400 ;?ICS_str_month_name+47
; end of ?ICS_str_month_name
;master.c,0 :: ?ICS_get_date_array
0x03D1	0x3400 ;?ICS_get_date_array+0
0x03D2	0x3400 ;?ICS_get_date_array+1
0x03D3	0x3400 ;?ICS_get_date_array+2
0x03D4	0x3400 ;?ICS_get_date_array+3
0x03D5	0x3400 ;?ICS_get_date_array+4
0x03D6	0x3400 ;?ICS_get_date_array+5
0x03D7	0x3400 ;?ICS_get_date_array+6
; end of ?ICS_get_date_array
;master.c,0 :: ?ICS?lstr4_master
0x03D8	0x3457 ;?ICS?lstr4_master+0
0x03D9	0x3465 ;?ICS?lstr4_master+1
0x03DA	0x346C ;?ICS?lstr4_master+2
0x03DB	0x3463 ;?ICS?lstr4_master+3
0x03DC	0x346F ;?ICS?lstr4_master+4
0x03DD	0x346D ;?ICS?lstr4_master+5
0x03DE	0x3465 ;?ICS?lstr4_master+6
0x03DF	0x3400 ;?ICS?lstr4_master+7
; end of ?ICS?lstr4_master
;master.c,0 :: ?ICS?lstr5_master
0x03E0	0x3449 ;?ICS?lstr5_master+0
0x03E1	0x346E ;?ICS?lstr5_master+1
0x03E2	0x3469 ;?ICS?lstr5_master+2
0x03E3	0x3474 ;?ICS?lstr5_master+3
0x03E4	0x3469 ;?ICS?lstr5_master+4
0x03E5	0x3461 ;?ICS?lstr5_master+5
0x03E6	0x346C ;?ICS?lstr5_master+6
0x03E7	0x3469 ;?ICS?lstr5_master+7
0x03E8	0x347A ;?ICS?lstr5_master+8
0x03E9	0x3469 ;?ICS?lstr5_master+9
0x03EA	0x346E ;?ICS?lstr5_master+10
0x03EB	0x3467 ;?ICS?lstr5_master+11
0x03EC	0x342E ;?ICS?lstr5_master+12
0x03ED	0x342E ;?ICS?lstr5_master+13
0x03EE	0x342E ;?ICS?lstr5_master+14
0x03EF	0x3400 ;?ICS?lstr5_master+15
; end of ?ICS?lstr5_master
Symbol List:
//** Routines locations **
//ADDRESS    SIZE    PROCEDURE
//----------------------------------------------
0x0004      [21]    _interrupt
0x0019       [3]    _Delay_1us
0x001C       [7]    _Delay_50us
0x0023      [13]    _Delay_5500us
0x0030      [94]    _Lcd_Cmd
0x008E      [12]    _i2c_idle
0x009A      [11]    _i2c_master_start
0x00A5      [11]    _i2c_master_stop
0x00B0      [11]    _i2c_master_restart
0x00BB       [9]    _Lcd_Chr_CP
0x00C4      [18]    _Lcd_Out_CP
0x00D6      [17]    _Div_8X8_U
0x00E7      [25]    _Mul_8X8_U
0x0100      [20]    _i2c_master_write
0x0114      [65]    _Lcd_Out
0x0155      [44]    _i2c_master_read
0x0181      [79]    _Lcd_Init
0x01D0      [13]    _i2c_master_init
0x01DD       [7]    _____DoICP
0x01E4      [52]    _set_date
0x0218      [22]    _get_date
0x022E      [97]    _disp_time
0x028F      [51]    _init
0x02C2      [12]    ___CC2DW
0x02CE     [113]    _disp_date
0x033F      [70]    _main
//** Variables locations ** 
//ADDRESS    SIZE    VARIABLE
//----------------------------------------------
0x0000       [1]    INDF
0x0002       [1]    PCL
0x0003       [1]    STATUS
0x0004       [1]    FSR
0x0005       [1]    PORTA
0x0006       [1]    PORTB
0x0007       [1]    PORTC
0x0008       [0]    LCD_D5
0x0008       [0]    RD1_bit
0x0008       [0]    RD2_bit
0x0008       [0]    LCD_D6
0x0008       [0]    LCD_RS
0x0008       [1]    PORTD
0x0008       [0]    LCD_EN
0x0008       [0]    LCD_D4
0x0008       [0]    RD5_bit
0x0008       [0]    RD3_bit
0x0008       [0]    RD4_bit
0x0008       [0]    LCD_D7
0x0008       [0]    RD0_bit
0x000A       [1]    PCLATH
0x000C       [1]    PIR1
0x0013       [1]    SSPBUF
0x0014       [1]    SSPCON
0x0020       [6]    ?lstr3_master
0x0026       [7]    _set_date_array
0x002D       [6]    ?lstr1_master
0x0033       [3]    ?lstr2_master
0x0036      [48]    _str_month_name
0x0066       [7]    _get_date_array
0x006D       [2]    ___DoICPAddr
0x006F       [1]    ___saveSTATUS
0x0070       [1]    R0
0x0071       [1]    R1
0x0072       [1]    R2
0x0073       [1]    R3
0x0074       [1]    R4
0x0075       [1]    R5
0x0076       [1]    R6
0x0077       [1]    R7
0x0078       [1]    R8
0x0079       [1]    R9
0x007A       [1]    R10
0x007B       [1]    R11
0x007C       [1]    R12
0x007D       [1]    R13
0x007E       [1]    R14
0x007F       [1]    R15
0x0081       [1]    OPTION_REG
0x0085       [1]    TRISA
0x0086       [1]    TRISB
0x0087       [1]    TRISC
0x0088       [0]    LCD_D6_Direction
0x0088       [0]    TRISD3_bit
0x0088       [0]    LCD_D5_Direction
0x0088       [0]    TRISD2_bit
0x0088       [0]    TRISD1_bit
0x0088       [0]    TRISD0_bit
0x0088       [0]    LCD_D7_Direction
0x0088       [0]    TRISD4_bit
0x0088       [0]    LCD_RS_Direction
0x0088       [1]    TRISD
0x0088       [0]    LCD_D4_Direction
0x0088       [0]    TRISD5_bit
0x0088       [0]    LCD_EN_Direction
0x0091       [1]    SSPCON2
0x0093       [1]    SSPADD
0x0094       [1]    SSPSTAT
0x00A0       [8]    ?lstr4_master
0x00A8      [16]    ?lstr5_master
0x00B8       [0]    __Lib_Lcd_cmd_status
0x00B9       [1]    ___savePCLATH
0x00BA       [1]    _temp
0x00BB       [1]    set_date_i_L0
0x00BB       [1]    disp_date_temp_L0
0x00BB       [1]    get_date_i_L0
0x00BC       [1]    FLOC__get_date
0x00BC       [2]    FLOC__set_date
0x00BE       [1]    FARG_i2c_master_write_slave_address
0x00BE       [1]    FARG_Lcd_Out_row
0x00BE       [1]    FARG_Lcd_Out_CP_text
0x00BE       [1]    FARG_i2c_master_read_slave_address
0x00BF       [1]    FARG_i2c_master_write_data_index
0x00BF       [1]    FARG_Lcd_Out_column
0x00BF       [1]    Lcd_Out_CP_i_L0
0x00BF       [1]    FARG_i2c_master_read_data_index
0x00C0       [1]    i2c_master_read_read_data_L0
0x00C0       [1]    FARG_i2c_master_write_write_data
0x00C0       [1]    FARG_Lcd_Out_text
0x00C1       [1]    Lcd_Out_i_L0
0x00C2       [1]    FARG_Lcd_Chr_CP_out_char
0x00C3       [1]    FARG_Lcd_Cmd_out_char
0x0188       [1]    ANSEL
0x0189       [1]    ANSELH
//** Constants locations ** 
//ADDRESS    SIZE    CONSTANT
//----------------------------------------------
0x038B       [6]    ?ICS?lstr3_master
0x0391       [7]    ?ICS_set_date_array
0x0398       [6]    ?ICS?lstr1_master
0x039E       [3]    ?ICS?lstr2_master
0x03A1      [48]    ?ICS_str_month_name
0x03D1       [7]    ?ICS_get_date_array
0x03D8       [8]    ?ICS?lstr4_master
0x03E0      [16]    ?ICS?lstr5_master
